Case #1: 2 
Case #2: 1 
Case #3: 1 2 
Case #4: 2 9 
Case #5: 2 14427791579676674 28855583159353344 43283374739030016 57711166318706688 72138957898383360 86566749478060032 100994541057736704 115422332637413376 129850124217090048 144277915796766720 158705707376443392 173133498956120064 187561290535796736 201989082115473408 216416873695150080 230844665274826752 245272456854503424 259700248434180096 274128040013856768 288555831593533440 302983623173210112 317411414752886784 331839206332563456 346266997912240128 360694789491916800 375122581071593472 389550372651270144 403978164230946816 418405955810623488 432833747390300160 447261538969976832 461689330549653504 476117122129330176 490544913709006848 504972705288683520 519400496868360192 533828288448036864 548256080027713536 562683871607390208 577111663187066880 591539454766743552 605967246346420224 620395037926096896 634822829505773568 649250621085450240 663678412665126912 678106204244803584 
Case #6: 2 103040748725 206081497448 309122246171 412162994894 515203743617 618244492340 721285241063 824325989786 927366738509 1030407487232 1133448235955 1236488984678 1339529733401 1442570482124 1545611230847 1648651979570 1751692728293 1854733477016 1957774225739 2060814974462 2163855723185 2266896471908 2369937220631 2472977969354 2576018718077 2679059466800 2782100215523 2885140964246 2988181712969 3091222461692 
Case #7: 2 20003 40004 60005 80006 100007 120008 140009 160010 180011 200012 220013 240014 260015 280016 300017 320018 340019 360020 380021 400022 420023 440024 460025 480026 500027 520028 540029 560030 580031 600032 620033 640034 660035 680036 700037 720038 740039 760040 780041 800042 820043 840044 860045 880046 900047 920048 940049 960050 980051 
Case #8: 2 
Case #9: 2 
Case #10: 2 14115 28228 42341 56454 70567 84680 98793 112906 127019 141132 155245 169358 183471 197584 211697 225810 239923 254036 268149 282262 296375 310488 324601 338714 352827 366940 381053 395166 409279 423392 437505 451618 465731 479844 493957 508070 522183 536296 550409 564522 578635 
Case #11: 2 4715895385 9431790768 14147686151 18863581534 23579476917 
Case #12: 2 411925955 823851908 1235777861 1647703814 2059629767 2471555720 2883481673 3295407626 3707333579 4119259532 4531185485 4943111438 5355037391 5766963344 6178889297 6590815250 7002741203 7414667156 7826593109 8238519062 8650445015 9062370968 
Case #13: 2 1557379 3114756 4672133 6229510 7786887 9344264 10901641 12459018 14016395 15573772 17131149 18688526 20245903 21803280 23360657 24918034 26475411 28032788 29590165 31147542 32704919 34262296 35819673 37377050 38934427 40491804 42049181 43606558 45163935 46721312 48278689 49836066 51393443 52950820 54508197 56065574 57622951 59180328 60737705 62295082 63852459 65409836 66967213 68524590 70081967 
Case #14: 2 625000003 1250000004 1875000005 2500000006 3125000007 3750000008 4375000009 5000000010 5625000011 6250000012 6875000013 7500000014 8125000015 8750000016 9375000017 10000000018 10625000019 11250000020 11875000021 12500000022 13125000023 13750000024 14375000025 15000000026 
Case #15: 1 2 3 4 5 6 7 8 9 10 11 12 13 14 15 16 17 18 19 20 21 22 23 24 25 26 27 28 29 30 31 32 33 34 35 36 37 38 39 40 41 42 43 44 45 46 47 48 49 50 51 52 53 54 55 56 57 58 59 60 61 62 63 64 65 66 67 68 69 70 71 72 73 74 75 76 77 78 79 80 81 82 83 84 85 86 87 88 89 90 91 92 93 94 
Case #16: 2 
Case #17: 2 570623341225 1141246682448 1711870023671 2282493364894 2853116706117 
Case #18: 2 15491 30980 46469 61958 77447 92936 108425 123914 139403 154892 170381 185870 201359 216848 232337 247826 263315 278804 294293 309782 325271 340760 356249 371738 387227 402716 418205 433694 449183 464672 480161 495650 511139 526628 542117 557606 573095 588584 604073 619562 635051 650540 666029 
Case #19: 2 35 
Case #20: 2 
Case #21: 2 33354363399333144 
Case #22: 2 
Case #23: 2 12191378770821634 24382757541643264 36574136312464896 48765515083286528 60956893854108160 73148272624929792 85339651395751424 97531030166573056 109722408937394688 121913787708216320 134105166479037952 146296545249859584 158487924020681216 170679302791502848 182870681562324480 195062060333146112 207253439103967744 219444817874789376 231636196645611008 243827575416432640 256018954187254272 268210332958075904 280401711728897536 292593090499719168 304784469270540800 316975848041362432 329167226812184064 341358605583005696 353549984353827328 365741363124648960 377932741895470592 390124120666292224 402315499437113856 414506878207935488 426698256978757120 438889635749578752 451081014520400384 463272393291222016 475463772062043648 487655150832865280 499846529603686912 512037908374508544 524229287145330176 536420665916151808 548612044686973440 560803423457795072 
Case #24: 1 2 3 4 
Case #25: 2 2839717 5679432 8519147 11358862 14198577 17038292 19878007 22717722 
Case #26: 2 8192000000000003 16384000000000004 24576000000000004 32768000000000004 40960000000000008 49152000000000008 57344000000000008 65536000000000008 73728000000000016 
Case #27: 2 
Case #28: 2 637289625781253 1274579251562504 1911868877343755 2549158503125006 3186448128906257 3823737754687508 4461027380468759 5098317006250010 5735606632031261 6372896257812512 7010185883593763 7647475509375014 8284765135156265 8922054760937516 9559344386718768 10196634012500020 10833923638281272 11471213264062524 12108502889843776 12745792515625028 13383082141406280 14020371767187532 14657661392968784 15294951018750036 15932240644531288 16569530270312540 17206819896093792 17844109521875044 18481399147656296 19118688773437548 19755978399218800 20393268025000052 
Case #29: 1 2 3 4 5 6 7 8 9 10 11 12 13 14 15 16 17 18 19 20 21 22 23 24 25 26 27 28 29 30 31 32 33 34 35 36 37 38 39 40 41 42 43 44 45 46 47 48 49 
Case #30: 2 109 216 323 430 537 644 751 858 965 1072 1179 1286 1393 1500 1607 1714 1821 1928 2035 2142 2249 2356 2463 2570 2677 2784 
Case #31: 2 20003 40004 60005 80006 
Case #32: 2 
Case #33: 2 
Case #34: 2 20000000000000000 40000000000000000 60000000000000000 80000000000000000 100000000000000000 120000000000000000 140000000000000000 160000000000000000 180000000000000000 200000000000000000 220000000000000000 240000000000000000 260000000000000000 280000000000000000 300000000000000000 320000000000000000 340000000000000000 360000000000000000 380000000000000000 400000000000000000 420000000000000000 440000000000000000 460000000000000000 480000000000000000 500000000000000000 520000000000000000 540000000000000000 560000000000000000 580000000000000000 600000000000000000 620000000000000000 640000000000000000 660000000000000000 680000000000000000 700000000000000000 720000000000000000 740000000000000000 760000000000000000 780000000000000000 800000000000000000 820000000000000000 840000000000000000 860000000000000000 880000000000000000 900000000000000000 920000000000000000 940000000000000000 960000000000000000 980000000000000000 
Case #35: 2 101309 202616 303923 405230 506537 607844 709151 810458 911765 1013072 1114379 1215686 1316993 1418300 1519607 1620914 1722221 1823528 
Case #36: 2 461078666499 922157332996 1383235999493 1844314665990 2305393332487 2766471998984 3227550665481 3688629331978 4149707998475 4610786664972 5071865331469 5532943997966 5994022664463 6455101330960 6916179997457 7377258663954 7838337330451 8299415996948 8760494663445 9221573329942 
Case #37: 2 
Case #38: 2 
Case #39: 2 2313662762852355 4627325525704708 6940988288557061 9254651051409414 11568313814261768 13881976577114120 16195639339966472 18509302102818824 
Case #40: 2 125047004421 250094008840 375141013259 500188017678 625235022097 750282026516 875329030935 1000376035354 1125423039773 1250470044192 1375517048611 1500564053030 1625611057449 1750658061868 1875705066287 2000752070706 2125799075125 2250846079544 2375893083963 2500940088382 2625987092801 2751034097220 2876081101639 3001128106058 3126175110477 3251222114896 3376269119315 3501316123734 3626363128153 3751410132572 3876457136991 
Case #41: 1 2 3 4 5 6 7 8 9 10 11 12 13 14 15 16 17 18 19 20 21 22 23 24 25 26 27 28 29 30 31 32 33 34 35 36 37 38 39 40 41 42 43 44 45 46 47 48 49 50 51 52 53 54 55 56 57 58 59 60 61 62 63 64 65 66 67 68 69 70 
Case #42: 2 2414538435587 4829076871172 7243615306757 9658153742342 12072692177927 14487230613512 16901769049097 19316307484682 21730845920267 24145384355852 
Case #43: 1 2 3 
Case #44: 2 129695518838531 259391037677060 389086556515589 518782075354118 648477594192647 778173113031176 907868631869705 1037564150708234 1167259669546763 1296955188385292 1426650707223821 1556346226062350 1686041744900879 1815737263739408 1945432782577937 2075128301416466 2204823820254995 2334519339093524 2464214857932053 2593910376770582 2723605895609111 2853301414447640 2982996933286169 3112692452124698 3242387970963227 3372083489801756 3501779008640285 3631474527478814 3761170046317343 3890865565155872 4020561083994401 4150256602832930 4279952121671459 4409647640509988 4539343159348517 4669038678187046 4798734197025575 4928429715864104 5058125234702633 5187820753541162 5317516272379691 5447211791218220 5576907310056749 5706602828895278 5836298347733807 5965993866572336 
Case #45: 2 93312000003 186624000004 279936000005 373248000006 466560000007 559872000008 653184000009 746496000010 839808000011 933120000012 1026432000013 1119744000014 1213056000015 1306368000016 1399680000017 1492992000018 1586304000019 1679616000020 1772928000021 1866240000022 1959552000023 2052864000024 2146176000025 2239488000026 2332800000027 2426112000028 2519424000029 2612736000030 2706048000031 
Case #46: 2 274462013361 548924026720 823386040079 1097848053438 1372310066797 1646772080156 1921234093515 2195696106874 2470158120233 2744620133592 3019082146951 3293544160310 3568006173669 3842468187028 4116930200387 4391392213746 4665854227105 4940316240464 5214778253823 
Case #47: 2 
Case #48: 2 690050505 1380101008 2070151511 2760202014 3450252517 4140303020 4830353523 5520404026 6210454529 6900505032 7590555535 8280606038 8970656541 9660707044 10350757547 11040808050 11730858553 12420909056 13110959559 13801010062 14491060565 15181111068 15871161571 16561212074 17251262577 
Case #49: 2 515 1028 1541 2054 2567 3080 3593 
Case #50: 2 200000000000000000 400000000000000000 600000000000000000 800000000000000000 
Case #51: 1 2 3 4 5 6 7 8 9 10 11 12 13 14 15 16 17 18 19 
Case #52: 2 
Case #53: 2 190734863281253 381469726562504 
Case #54: 2 119209289550781248 238418579101562496 
Case #55: 2 7192690496110595 14385380992221188 21578071488331780 28770761984442372 35963452480552964 43156142976663560 50348833472774152 57541523968884744 64734214464995336 71926904961105928 79119595457216528 86312285953327120 93504976449437712 100697666945548304 107890357441658896 115083047937769488 122275738433880080 129468428929990672 136661119426101264 143853809922211856 151046500418322464 158239190914433056 165431881410543648 172624571906654240 179817262402764832 187009952898875424 194202643394986016 201395333891096608 208588024387207200 215780714883317792 222973405379428384 230166095875538976 237358786371649568 244551476867760160 251744167363870752 258936857859981344 266129548356091936 273322238852202528 280514929348313120 287707619844423712 294900310340534336 302093000836644928 309285691332755520 
Case #56: 2 41943040000003 83886080000004 125829120000005 167772160000006 209715200000007 251658240000008 293601280000009 335544320000010 377487360000011 419430400000012 461373440000013 503316480000014 545259520000015 587202560000016 629145600000017 671088640000018 713031680000019 754974720000020 796917760000021 838860800000022 880803840000023 922746880000024 964689920000025 1006632960000026 1048576000000027 1090519040000028 1132462080000029 1174405120000030 1216348160000031 1258291200000032 1300234240000033 1342177280000034 1384120320000035 1426063360000036 1468006400000037 1509949440000038 1551892480000039 1593835520000040 1635778560000041 
Case #57: 2 131 
Case #58: 2 13125 
Case #59: 2 300189270593998272 
Case #60: 2 1461 2920 4379 5838 7297 8756 10215 11674 13133 14592 16051 17510 18969 
Case #61: 2 42762755 85525508 128288261 171051014 213813767 256576520 299339273 342102026 384864779 427627532 470390285 513153038 555915791 598678544 641441297 684204050 726966803 769729556 812492309 855255062 898017815 940780568 983543321 1026306074 1069068827 1111831580 1154594333 1197357086 1240119839 1282882592 1325645345 1368408098 1411170851 
Case #62: 1 2 3 4 5 6 7 8 9 10 
Case #63: 2 
Case #64: 2 297757 595512 893267 1191022 1488777 1786532 2084287 2382042 2679797 2977552 3275307 3573062 3870817 4168572 4466327 4764082 5061837 5359592 5657347 5955102 6252857 6550612 6848367 7146122 7443877 7741632 
Case #65: 2 193778020817 387556041632 581334062447 
Case #66: 2 10661 21320 31979 42638 53297 63956 74615 85274 95933 106592 117251 127910 138569 149228 159887 170546 181205 191864 202523 213182 223841 234500 245159 255818 266477 277136 287795 298454 309113 319772 330431 341090 351749 362408 373067 383726 
Case #67: 2 
Case #68: 2 203 404 605 806 1007 1208 1409 1610 1811 2012 2213 2414 2615 2816 3017 3218 3419 3620 3821 4022 4223 4424 4625 4826 5027 5228 5429 5630 5831 6032 6233 6434 6635 6836 7037 7238 7439 7640 7841 8042 8243 8444 8645 8846 9047 9248 9449 9650 9851 
Case #69: 2 559685 1119368 1679051 2238734 2798417 3358100 3917783 4477466 5037149 5596832 6156515 
Case #70: 2 3676531253 7353062504 11029593755 14706125006 18382656257 22059187508 25735718759 29412250010 33088781261 36765312512 40441843763 44118375014 47794906265 51471437516 55147968767 58824500018 62501031269 
Case #71: 2 144115188075855872 
Case #72: 2 165 328 491 654 
Case #73: 2 57 
Case #74: 2 5517094707031253 11034189414062504 16551284121093756 22068378828125008 27585473535156260 33102568242187512 38619662949218760 44136757656250008 49653852363281256 55170947070312504 60688041777343752 66205136484375000 71722231191406248 77239325898437504 82756420605468752 88273515312500000 93790610019531248 
Case #75: 2 120932355 241864708 362797061 483729414 604661767 725594120 846526473 967458826 1088391179 1209323532 1330255885 1451188238 1572120591 1693052944 1813985297 1934917650 2055850003 
Case #76: 2 29290389143555 58580778287108 87871167430661 117161556574214 146451945717767 175742334861320 205032724004873 234323113148426 263613502291979 292903891435532 322194280579085 351484669722638 380775058866191 410065448009744 439355837153297 468646226296850 497936615440403 527227004583956 556517393727509 585807782871062 615098172014615 644388561158168 673678950301721 702969339445274 732259728588827 761550117732380 790840506875933 820130896019486 849421285163039 878711674306592 908002063450145 937292452593698 966582841737251 995873230880804 1025163620024357 1054454009167910 1083744398311463 
Case #77: 2 21 
Case #78: 2 15059075 30118148 45177221 60236294 75295367 90354440 
Case #79: 1 2 3 4 5 6 7 8 9 10 11 12 13 14 15 16 17 18 19 20 21 22 23 24 25 26 27 28 29 30 31 32 33 34 35 36 37 38 39 40 41 42 43 44 45 46 47 48 49 50 51 52 53 54 55 56 57 58 59 60 61 62 63 64 65 66 67 68 69 70 71 72 73 74 75 76 77 78 79 80 81 82 83 84 85 86 87 88 89 90 91 92 93 94 95 96 97 98 99 100 
Case #80: 2 121 240 359 478 597 716 835 954 1073 1192 1311 1430 1549 1668 1787 1906 2025 2144 2263 2382 2501 2620 2739 2858 2977 3096 3215 3334 3453 
Case #81: 2 25 48 71 94 117 
Case #82: 2 11 
Case #83: 2 82853022427301 165706044854600 248559067281899 331412089709198 414265112136497 497118134563796 579971156991095 662824179418394 745677201845693 828530224272992 911383246700291 
Case #84: 2 524288000000003 1048576000000004 1572864000000005 2097152000000006 2621440000000007 3145728000000008 3670016000000009 4194304000000010 4718592000000011 5242880000000012 5767168000000013 6291456000000014 6815744000000015 7340032000000016 7864320000000017 8388608000000018 8912896000000019 9437184000000020 9961472000000020 
Case #85: 1 2 3 4 5 6 7 8 9 10 11 12 13 14 15 16 17 18 19 20 21 22 23 24 25 26 27 28 29 30 31 32 33 34 35 36 37 38 39 40 41 42 43 44 45 46 47 48 49 50 51 52 53 54 55 
Case #86: 2 
Case #87: 2 2560000003 5120000004 7680000005 10240000006 12800000007 15360000008 17920000009 20480000010 23040000011 
Case #88: 2 9759365 19518728 29278091 39037454 48796817 58556180 68315543 78074906 87834269 97593632 107352995 117112358 126871721 136631084 146390447 156149810 165909173 175668536 185427899 195187262 204946625 214705988 224465351 
Case #89: 1 2 3 4 5 6 7 8 9 10 11 12 13 14 15 16 17 18 19 20 21 22 23 24 25 26 27 28 29 30 31 32 33 34 35 36 37 38 39 40 41 42 43 44 45 46 47 
Case #90: 1 2 3 4 5 6 7 8 9 10 11 12 13 14 15 16 17 18 19 20 21 22 23 24 25 26 27 28 29 30 31 32 33 34 35 36 37 38 39 40 41 42 43 44 45 46 47 48 49 50 51 52 53 54 55 56 57 58 59 60 61 
Case #91: 1 2 3 4 5 6 7 8 9 10 11 12 13 14 15 16 17 18 19 20 21 22 23 24 25 26 27 28 29 30 31 32 33 34 35 36 37 38 39 40 41 42 43 44 45 46 47 48 49 50 51 52 53 54 55 56 57 58 59 60 61 62 63 64 65 66 67 68 69 70 71 72 73 
Case #92: 2 
Case #93: 2 536870915 1073741828 1610612741 2147483654 2684354567 3221225480 3758096393 
Case #94: 2 
Case #95: 2 2000003 4000004 6000005 8000006 10000007 12000008 14000009 16000010 18000011 20000012 22000013 24000014 26000015 28000016 30000017 32000018 34000019 36000020 38000021 40000022 42000023 44000024 46000025 48000026 50000027 52000028 54000029 56000030 58000031 60000032 62000033 64000034 66000035 68000036 70000037 72000038 74000039 76000040 78000041 80000042 82000043 84000044 86000045 88000046 90000047 92000048 94000049 96000050 98000051 
Case #96: 2 
Case #97: 2 1174136684547 2348273369092 3522410053637 4696546738182 5870683422727 7044820107272 8218956791817 9393093476362 10567230160907 11741366845452 12915503529997 14089640214542 15263776899087 16437913583632 17612050268177 18786186952722 19960323637267 21134460321812 22308597006357 23482733690902 24656870375447 25831007059992 27005143744537 
Case #98: 2 78125000000003 156250000000004 234375000000005 312500000000006 390625000000007 468750000000008 546875000000009 625000000000010 703125000000011 781250000000012 859375000000013 937500000000014 1015625000000015 1093750000000016 1171875000000017 1250000000000018 1328125000000019 1406250000000020 1484375000000021 1562500000000022 1640625000000023 1718750000000024 1796875000000025 1875000000000026 
Case #99: 1 2 3 4 5 6 7 8 9 10 11 12 13 14 15 16 17 18 19 20 
Case #100: 2 20061226008579 40122452017156 60183678025733 80244904034310 100306130042887 120367356051464 140428582060041 160489808068618 180551034077195 200612260085772 220673486094349 240734712102926 260795938111503 280857164120080 300918390128657 320979616137234 341040842145811 361102068154388 381163294162965 401224520171542 421285746180119 441346972188696 461408198197273 481469424205850 501530650214427 521591876223004 541653102231581 561714328240158 581775554248735 601836780257312 621898006265889 641959232274466 662020458283043 682081684291620 702142910300197 
