Case #1: 2 
Case #2: 1 
Case #3: IMPOSSIBLE
Case #4: 1 2 
Case #5: 2 9 
Case #6: 2 12 
Case #7: 2 1665944009862 3331888019722 4997832029582 6663776039442 8329720049302 9995664059162 11661608069022 13327552078882 14993496088742 16659440098602 18325384108462 19991328118322 21657272128182 23323216138042 24989160147902 26655104157762 28321048167622 29986992177482 31652936187342 33318880197202 34984824207062 36650768216922 38316712226782 39982656236642 41648600246502 43314544256362 44980488266222 46646432276082 48312376285942 49978320295802 51644264305662 53310208315522 54976152325382 56642096335242 58308040345102 59973984354962 61639928364822 63305872374682 64971816384542 66637760394402 68303704404262 69969648414122 71635592423982 73301536433842 74967480443702 76633424453562 78299368463422 79965312473282 
Case #8: 1
Case #9: 2 261382468 522764934 784147400 1045529866 1306912332 1568294798 1829677264 2091059730 2352442196 2613824662 2875207128 3136589594 3397972060 3659354526 3920736992 4182119458 4443501924 4704884390 4966266856 5227649322 
Case #10: 1 2 3 4 5 6 7 8 9 10 11 12 13 14 15 16 17 18 19 20 21 22 23 24 25 26 27 28 29 30 31 32 33 34 35 36 37 38 39 40 41 42 43 44 45 46 47 48 49 50 51 52 53 54 55 56 57 58 59 60 61 62 63 64 65 66 67 68 69 70 71 72 73 74 75 76 77 78 79 80 81 82 83 84 85 86 87 88 89 90 91 92 93 94 95 96 97 98 99 100 
Case #11: IMPOSSIBLE
Case #12: 1
Case #13: IMPOSSIBLE
Case #14: IMPOSSIBLE
Case #15: IMPOSSIBLE
Case #16: IMPOSSIBLE
Case #17: 1
Case #18: 1
Case #19: IMPOSSIBLE
Case #20: IMPOSSIBLE
Case #21: 1
Case #22: 2 54 106 158 210 262 314 366 418 470 522 574 625 
Case #23: 2 
Case #24: 2 
Case #25: IMPOSSIBLE
Case #26: 2 17174680518 34349361034 51524041550 68698722066 85873402582 103048083098 120222763614 137397444130 154572124646 171746805162 188921485678 206096166194 223270846710 240445527226 257620207742 274794888258 291969568774 309144249290 326318929806 343493610322 360668290838 377842971354 395017651870 412192332386 429367012902 446541693418 463716373934 480891054450 498065734966 515240415482 532415095998 549589776514 566764457030 583939137546 601113818062 618288498578 635463179094 652637859610 669812540126 686987220642 704161901158 721336581674 738511262190 755685942706 772860623222 790035303738 807209984254 824384664770 
Case #27: IMPOSSIBLE
Case #28: 2 
Case #29: 2 332754 665506 998258 1331010 1663762 1996514 2329266 2662018 2994770 3327522 3660274 3993026 4325778 4658530 4991282 5324034 5656786 5989538 6322290 6655042 6987794 7320546 7653298 7986050 8318802 8651554 8984306 
Case #30: 2 7204 14406 21608 28810 36012 43214 50416 57618 64820 72022 79224 86426 93628 100830 108032 115234 122436 129638 136840 144042 151244 158446 165648 172850 180052 187254 194456 201658 208860 
Case #31: IMPOSSIBLE
Case #32: 2 9 
Case #33: 2 
Case #34: IMPOSSIBLE
Case #35: IMPOSSIBLE
Case #36: 2 12804 25606 38408 51210 64012 76814 89616 102418 115220 128022 140824 153626 166428 179230 192032 204834 217636 230438 243240 256042 268844 281646 294448 307250 320052 332854 345656 358458 371260 384062 396864 409666 422468 435270 448072 460874 473676 486478 499280 
Case #37: 1
Case #38: 1
Case #39: IMPOSSIBLE
Case #40: IMPOSSIBLE
Case #41: 2 
Case #42: 1
Case #43: 1
Case #44: 1
Case #45: IMPOSSIBLE
Case #46: IMPOSSIBLE
Case #47: 1 2 3 4 
Case #48: IMPOSSIBLE
Case #49: 1
Case #50: IMPOSSIBLE
Case #51: IMPOSSIBLE
Case #52: IMPOSSIBLE
Case #53: IMPOSSIBLE
Case #54: IMPOSSIBLE
Case #55: IMPOSSIBLE
Case #56: IMPOSSIBLE
Case #57: IMPOSSIBLE
Case #58: IMPOSSIBLE
Case #59: 2 204 406 608 810 1012 1214 1416 1618 1820 2022 2224 2426 2628 2830 3032 3234 3436 3638 3840 4042 4244 4446 4648 4850 5052 5254 5456 5658 5860 6062 6264 6466 6668 6870 7072 7274 7476 7678 7880 8082 8284 8486 8688 8890 9092 9294 9496 9698 9900 
Case #60: 2 22224013651116036 44448027302232070 66672040953348104 88896054604464138 111120068255580172 133344081906696206 
Case #61: IMPOSSIBLE
Case #62: IMPOSSIBLE
Case #63: 2 841414466600406 1682828933200810 2524243399801214 3365657866401618 4207072333002022 5048486799602426 5889901266202830 6731315732803234 7572730199403638 8414144666004042 9255559132604446 10096973599204850 10938388065805254 11779802532405658 
Case #64: IMPOSSIBLE
Case #65: IMPOSSIBLE
Case #66: 2 3954653490 7909306978 11863960466 
Case #67: IMPOSSIBLE
Case #68: IMPOSSIBLE
Case #69: 1
Case #70: 1 2 3 4 5 6 7 8 9 10 11 12 13 14 15 16 17 18 19 20 21 22 23 24 25 26 27 28 29 30 31 32 33 34 35 36 37 38 39 40 41 42 43 44 45 46 47 48 49 50 51 52 53 54 55 56 57 58 59 60 61 62 63 64 65 66 67 68 69 70 71 72 73 74 75 76 77 78 79 80 81 
Case #71: IMPOSSIBLE
Case #72: 2 2251799813685252 4503599627370502 6755399441055752 9007199254741002 11258999068426252 13510798882111502 15762598695796752 18014398509482002 20266198323167252 22517998136852502 24769797950537752 27021597764223002 29273397577908252 31525197391593502 33776997205278752 
Case #73: 2 54004 108006 162008 216010 270012 324014 378016 432018 486020 540022 594024 648026 702028 756030 
Case #74: 1
Case #75: 2 5642219814916 11284439629830 16926659444744 22568879259658 28211099074572 33853318889486 39495538704400 45137758519314 50779978334228 56422198149142 62064417964056 67706637778970 73348857593884 78991077408798 84633297223712 90275517038626 95917736853540 
Case #76: 1 2 3 4 5 6 7 8 9 10 11 12 13 14 15 16 17 18 19 20 21 22 23 24 25 26 27 28 
Case #77: IMPOSSIBLE
Case #78: IMPOSSIBLE
Case #79: 2 189863754270 379727508538 569591262806 759455017074 949318771342 1139182525610 1329046279878 1518910034146 1708773788414 1898637542682 2088501296950 2278365051218 2468228805486 2658092559754 2847956314022 3037820068290 3227683822558 3417547576826 
Case #80: IMPOSSIBLE
Case #81: IMPOSSIBLE
Case #82: IMPOSSIBLE
Case #83: IMPOSSIBLE
Case #84: 1 2 3 
Case #85: IMPOSSIBLE
Case #86: IMPOSSIBLE
Case #87: 2 200000000004 400000000006 600000000008 800000000010 
Case #88: IMPOSSIBLE
Case #89: IMPOSSIBLE
Case #90: 2 36 
Case #91: IMPOSSIBLE
Case #92: 2 70368744177668 140737488355334 211106232533000 
Case #93: IMPOSSIBLE
Case #94: 1
Case #95: 2 2320581254 4641162506 6961743758 9282325010 11602906262 13923487514 16244068766 18564650018 20885231270 23205812522 25526393774 27846975026 30167556278 32488137530 34808718782 37129300034 39449881286 41770462538 44091043790 46411625042 48732206294 51052787546 53373368798 55693950050 58014531302 60335112554 62655693806 64976275058 67296856310 69617437562 71938018814 74258600066 
Case #96: IMPOSSIBLE
Case #97: IMPOSSIBLE
Case #98: IMPOSSIBLE
Case #99: IMPOSSIBLE
Case #100: IMPOSSIBLE
