#
# A fatal error has been detected by the Java Runtime Environment:
#
#  SIGSEGV (0xb) at pc=0x000000010d9379f8, pid=11096, tid=16643
#
# JRE version: Java(TM) SE Runtime Environment (7.0_60-b19) (build 1.7.0_60-b19)
# Java VM: Java HotSpot(TM) 64-Bit Server VM (24.60-b09 mixed mode bsd-amd64 compressed oops)
# Problematic frame:
# V  [libjvm.dylib+0x3379f8]  jvmti_IsMethodSynthetic+0xb9
#
# Failed to write core dump. Core dumps have been disabled. To enable core dumping, try "ulimit -c unlimited" before starting Java again
#
# If you would like to submit a bug report, please visit:
#   http://bugreport.sun.com/bugreport/crash.jsp
#

---------------  T H R E A D  ---------------

Current thread (0x00007ffc29833800):  JavaThread "JDWP Transport Listener: dt_socket" daemon [_thread_in_vm, id=16643, stack(0x0000000116ce7000,0x0000000116de7000)]

siginfo:si_signo=SIGSEGV: si_errno=0, si_code=0 (SEGV0), si_addr=0x0000000000000000

Registers:
RAX=0x0000000000000001, RBX=0x0000000116de6a8b, RCX=0x00000000000fc080, RDX=0x0000000116de6a8b
RSP=0x0000000116de69f0, RBP=0x0000000116de6a40, RSI=0x00007ffc29833800, RDI=0x00007ffc29502b00
R8 =0x0000000000000000, R9 =0x00007ffc29400000, R10=0x0000000000000010, R11=0x00007ffc29400000
R12=0x00007ffc29833800, R13=0x3000000000000000, R14=0x3000000000000000, R15=0x00007ffc29502b00
RIP=0x000000010d9379f8, EFLAGS=0x0000000000010206, ERR=0x0000000000000000
  TRAPNO=0x000000000000000d

Top of Stack: (sp=0x0000000116de69f0)
0x0000000116de69f0:   00007ffc29833800 0000000000000000
0x0000000116de6a00:   0000000000000000 0000000000000000
0x0000000116de6a10:   00007ffc29833800 00007ffc29833800
0x0000000116de6a20:   0000000116de6a8b 0000000116de6a90
0x0000000116de6a30:   3000000000000000 0000000000000004
0x0000000116de6a40:   0000000116de6a60 000000010e07f1a8
0x0000000116de6a50:   0000000000000001 0000000116de6b08
0x0000000116de6a60:   0000000116de6ad0 000000010e063fbb
0x0000000116de6a70:   0000000116de6aa0 00007ffc294420f0
0x0000000116de6a80:   0000000500000032 0000000a00de6b08
0x0000000116de6a90:   0000000000000000 0000000000000000
0x0000000116de6aa0:   0000000000000000 0000000116de6c90
0x0000000116de6ab0:   000000010e086dc2 00007ffc29609810
0x0000000116de6ac0:   0000000116de6b08 000000010e092588
0x0000000116de6ad0:   0000000116de6ae0 000000010e0640b4
0x0000000116de6ae0:   0000000116de6d00 000000010e06d642
0x0000000116de6af0:   0000025b00000013 00000000000f0200
0x0000000116de6b00:   00007ffc296097c0 0000000116de6bf2
0x0000000116de6b10:   00007ffc00000092 0000000116de6b20
0x0000000116de6b20:   00007ffc0000009a 0000000116de6b58
0x0000000116de6b30:   0000000000000000 00007f0000000000
0x0000000116de6b40:   0000025b0000001c 00007fff00006080
0x0000000116de6b50:   0000000116de6b58 fc7f000005000000
0x0000000116de6b60:   0800000000077029 3e74696e696c633c
0x0000000116de6b70:   0056292803000000 0008000000000000
0x0000000116de6b80:   00f8067029fc7f00 74696e693c060000
0x0000000116de6b90:   562928030000003e 0100000000000000
0x0000000116de6ba0:   e8067029fc7f0000 6e69616d04000000
0x0000000116de6bb0:   6a4c5b2816000000 676e616c2f617661
0x0000000116de6bc0:   3b676e697274532f 0000000000005629
0x0000000116de6bd0:   7029fc7f00000900 6863050000000807
0x0000000116de6be0:   28030000006b6365 0000000000005629 

Instructions: (pc=0x000000010d9379f8)
0x000000010d9379d8:   00 00 00 41 f6 87 68 01 00 00 10 75 07 b8 63 00
0x000000010d9379e8:   00 00 eb 7a 4d 85 f6 75 07 b8 17 00 00 00 eb 6e
0x000000010d9379f8:   4d 8b 36 48 b8 fe fe fe fe fe fe fe fe 49 39 c6
0x000000010d937a08:   74 e7 4d 85 f6 74 e2 48 8d 05 0a 48 4d 00 80 38 

Register to memory mapping:

RAX=0x0000000000000001 is an unknown value
RBX=0x0000000116de6a8b is pointing into the stack for thread: 0x00007ffc29833800
RCX=0x00000000000fc080 is an unknown value
RDX=0x0000000116de6a8b is pointing into the stack for thread: 0x00007ffc29833800
RSP=0x0000000116de69f0 is pointing into the stack for thread: 0x00007ffc29833800
RBP=0x0000000116de6a40 is pointing into the stack for thread: 0x00007ffc29833800
RSI=0x00007ffc29833800 is a thread
RDI=0x00007ffc29502b00 is an unknown value
R8 =0x0000000000000000 is an unknown value
R9 =0x00007ffc29400000 is an unknown value
R10=0x0000000000000010 is an unknown value
R11=0x00007ffc29400000 is an unknown value
R12=0x00007ffc29833800 is a thread
R13=0x3000000000000000 is an unknown value
R14=0x3000000000000000 is an unknown value
R15=0x00007ffc29502b00 is an unknown value


Stack: [0x0000000116ce7000,0x0000000116de7000],  sp=0x0000000116de69f0,  free space=1022k
Native frames: (J=compiled Java code, j=interpreted, Vv=VM code, C=native code)
V  [libjvm.dylib+0x3379f8]  jvmti_IsMethodSynthetic+0xb9
C  [libjdwp.dylib+0x201a8]  isMethodSynthetic+0x63
C  [libjdwp.dylib+0x4fbb]  methods1+0x10b
C  [libjdwp.dylib+0x50b4]  methodsWithGeneric+0xe
C  [libjdwp.dylib+0xe642]  debugLoop_run+0x1ce
C  [libjdwp.dylib+0x1f0e2]  attachThread+0x4d
V  [libjvm.dylib+0x37861a]  JvmtiAgentThread::call_start_function()+0x38
V  [libjvm.dylib+0x4f5c11]  JavaThread::thread_main_inner()+0x9b
V  [libjvm.dylib+0x4f7319]  JavaThread::run()+0x1a3
V  [libjvm.dylib+0x420b4e]  java_start(Thread*)+0x126
C  [libsystem_pthread.dylib+0x32fc]  _pthread_body+0x83
C  [libsystem_pthread.dylib+0x3279]  _pthread_body+0x0
C  [libsystem_pthread.dylib+0x14b1]  thread_start+0xd


---------------  P R O C E S S  ---------------

Java Threads: ( => current thread )
  0x00007ffc2a034000 JavaThread "Service Thread" daemon [_thread_blocked, id=19203, stack(0x00000001171f6000,0x00000001172f6000)]
  0x00007ffc29838800 JavaThread "C2 CompilerThread1" daemon [_thread_blocked, id=18691, stack(0x00000001170f3000,0x00000001171f3000)]
  0x00007ffc29838000 JavaThread "C2 CompilerThread0" daemon [_thread_blocked, id=18179, stack(0x0000000116ff0000,0x00000001170f0000)]
  0x00007ffc29837000 JavaThread "JDWP Command Reader" daemon [_thread_in_native, id=17667, stack(0x0000000116eed000,0x0000000116fed000)]
  0x00007ffc29834800 JavaThread "JDWP Event Helper Thread" daemon [_thread_blocked, id=17155, stack(0x0000000116dea000,0x0000000116eea000)]
=>0x00007ffc29833800 JavaThread "JDWP Transport Listener: dt_socket" daemon [_thread_in_vm, id=16643, stack(0x0000000116ce7000,0x0000000116de7000)]
  0x00007ffc2a80a800 JavaThread "Signal Dispatcher" daemon [_thread_blocked, id=13331, stack(0x0000000116be4000,0x0000000116ce4000)]
  0x00007ffc29828000 JavaThread "Finalizer" daemon [_thread_blocked, id=11523, stack(0x000000011529e000,0x000000011539e000)]
  0x00007ffc2a802000 JavaThread "Reference Handler" daemon [_thread_blocked, id=11011, stack(0x000000011519b000,0x000000011529b000)]
  0x00007ffc2a000800 JavaThread "main" [_thread_in_native, id=4867, stack(0x000000010cc9e000,0x000000010cd9e000)]

Other Threads:
  0x00007ffc2a02e800 VMThread [stack: 0x0000000115098000,0x0000000115198000] [id=10499]
  0x00007ffc2a046800 WatcherThread [stack: 0x00000001172f9000,0x00000001173f9000] [id=19715]

VM state:not at safepoint (normal execution)

VM Mutex/Monitor currently owned by a thread: None

Heap
 PSYoungGen      total 19456K, used 1690K [0x00000007eaa80000, 0x00000007ec000000, 0x0000000800000000)
  eden space 16896K, 10% used [0x00000007eaa80000,0x00000007eac26918,0x00000007ebb00000)
  from space 2560K, 0% used [0x00000007ebd80000,0x00000007ebd80000,0x00000007ec000000)
  to   space 2560K, 0% used [0x00000007ebb00000,0x00000007ebb00000,0x00000007ebd80000)
 ParOldGen       total 43520K, used 0K [0x00000007c0000000, 0x00000007c2a80000, 0x00000007eaa80000)
  object space 43520K, 0% used [0x00000007c0000000,0x00000007c0000000,0x00000007c2a80000)
 PSPermGen       total 21504K, used 2701K [0x00000007bae00000, 0x00000007bc300000, 0x00000007c0000000)
  object space 21504K, 12% used [0x00000007bae00000,0x00000007bb0a3570,0x00000007bc300000)

Card table byte_map: [0x000000011115c000,0x0000000111386000] byte_map_base: 0x000000010d385000

Polling page: 0x000000010cddd000

Code Cache  [0x000000010e09c000, 0x000000010e30c000, 0x000000011109c000)
 total_blobs=174 nmethods=2 adapters=135 free_code_cache=48771Kb largest_free_block=49920256

Compilation events (4 events):
Event: 0.295 Thread 0x00007ffc29838000    1             java.lang.String::hashCode (55 bytes)
Event: 0.304 Thread 0x00007ffc29838800    2             java.lang.String::indexOf (70 bytes)
Event: 0.304 Thread 0x00007ffc29838000 nmethod 1 0x000000010e0fb990 code [0x000000010e0fbae0, 0x000000010e0fbc98]
Event: 0.306 Thread 0x00007ffc29838800 nmethod 2 0x000000010e0fb550 code [0x000000010e0fb6a0, 0x000000010e0fb888]

GC Heap History (0 events):
No events

Deoptimization events (0 events):
No events

Internal exceptions (10 events):
Event: 0.304 Thread 0x00007ffc2a000800 Threw 0x00000007eabbb170 at /HUDSON/workspace/7u-2-build-macosx-x86_64/jdk7u60/1081/hotspot/src/share/vm/prims/jni.cpp:717
Event: 0.304 Thread 0x00007ffc2a000800 Threw 0x00000007eabbb290 at /HUDSON/workspace/7u-2-build-macosx-x86_64/jdk7u60/1081/hotspot/src/share/vm/prims/jvm.cpp:1244
Event: 0.304 Thread 0x00007ffc2a000800 Threw 0x00000007eabbb3b8 at /HUDSON/workspace/7u-2-build-macosx-x86_64/jdk7u60/1081/hotspot/src/share/vm/prims/jvm.cpp:1244
Event: 0.305 Thread 0x00007ffc2a000800 Threw 0x00000007eabbc058 at /HUDSON/workspace/7u-2-build-macosx-x86_64/jdk7u60/1081/hotspot/src/share/vm/prims/jni.cpp:717
Event: 0.305 Thread 0x00007ffc2a000800 Threw 0x00000007eabbc178 at /HUDSON/workspace/7u-2-build-macosx-x86_64/jdk7u60/1081/hotspot/src/share/vm/prims/jvm.cpp:1244
Event: 0.305 Thread 0x00007ffc2a000800 Threw 0x00000007eabbc2a0 at /HUDSON/workspace/7u-2-build-macosx-x86_64/jdk7u60/1081/hotspot/src/share/vm/prims/jvm.cpp:1244
Event: 0.307 Thread 0x00007ffc2a000800 Threw 0x00000007eabcda40 at /HUDSON/workspace/7u-2-build-macosx-x86_64/jdk7u60/1081/hotspot/src/share/vm/prims/jni.cpp:717
Event: 0.307 Thread 0x00007ffc2a000800 Threw 0x00000007eabcdb60 at /HUDSON/workspace/7u-2-build-macosx-x86_64/jdk7u60/1081/hotspot/src/share/vm/prims/jvm.cpp:1244
Event: 0.307 Thread 0x00007ffc2a000800 Threw 0x00000007eabcdc88 at /HUDSON/workspace/7u-2-build-macosx-x86_64/jdk7u60/1081/hotspot/src/share/vm/prims/jvm.cpp:1244
Event: 0.307 Thread 0x00007ffc2a000800 Threw 0x00000007eabcded8 at /HUDSON/workspace/7u-2-build-macosx-x86_64/jdk7u60/1081/hotspot/src/share/vm/prims/jvm.cpp:1244

Events (10 events):
Event: 1317.519 Executing VM operation: RedefineClasses
Event: 1317.519 Executing VM operation: RedefineClasses done
Event: 1317.524 Executing VM operation: ChangeBreakpoints
Event: 1317.524 Executing VM operation: ChangeBreakpoints done
Event: 1455.396 Executing VM operation: RedefineClasses
Event: 1455.396 Executing VM operation: RedefineClasses done
Event: 1455.402 Executing VM operation: ChangeBreakpoints
Event: 1455.402 Executing VM operation: ChangeBreakpoints done
Event: 2178.359 Executing VM operation: RedefineClasses
Event: 2178.360 Executing VM operation: RedefineClasses done


Dynamic libraries:
0x000000000b45d000 	/System/Library/Frameworks/Cocoa.framework/Versions/A/Cocoa
0x000000000b45d000 	/System/Library/Frameworks/Security.framework/Versions/A/Security
0x000000000b45d000 	/System/Library/Frameworks/ApplicationServices.framework/Versions/A/ApplicationServices
0x000000000b45d000 	/usr/lib/libz.1.dylib
0x000000000b45d000 	/usr/lib/libSystem.B.dylib
0x000000000b45d000 	/usr/lib/libobjc.A.dylib
0x000000000b45d000 	/System/Library/Frameworks/CoreFoundation.framework/Versions/A/CoreFoundation
0x000000000b45d000 	/System/Library/Frameworks/Foundation.framework/Versions/C/Foundation
0x000000000b45d000 	/System/Library/Frameworks/AppKit.framework/Versions/C/AppKit
0x000000000b45d000 	/System/Library/Frameworks/CoreData.framework/Versions/A/CoreData
0x000000000b45d000 	/System/Library/PrivateFrameworks/RemoteViewServices.framework/Versions/A/RemoteViewServices
0x000000000b45d000 	/System/Library/PrivateFrameworks/UIFoundation.framework/Versions/A/UIFoundation
0x000000000b45d000 	/System/Library/Frameworks/IOSurface.framework/Versions/A/IOSurface
0x000000000b45d000 	/System/Library/Frameworks/AudioToolbox.framework/Versions/A/AudioToolbox
0x000000000b45d000 	/System/Library/Frameworks/AudioUnit.framework/Versions/A/AudioUnit
0x000000000b45d000 	/System/Library/PrivateFrameworks/DataDetectorsCore.framework/Versions/A/DataDetectorsCore
0x000000000b45d000 	/System/Library/PrivateFrameworks/DesktopServicesPriv.framework/Versions/A/DesktopServicesPriv
0x000000000b45d000 	/System/Library/Frameworks/Carbon.framework/Versions/A/Frameworks/HIToolbox.framework/Versions/A/HIToolbox
0x000000000b45d000 	/System/Library/Frameworks/QuartzCore.framework/Versions/A/QuartzCore
0x000000000b45d000 	/System/Library/Frameworks/Carbon.framework/Versions/A/Frameworks/SpeechRecognition.framework/Versions/A/SpeechRecognition
0x000000000b45d000 	/usr/lib/libauto.dylib
0x000000000b45d000 	/usr/lib/libicucore.A.dylib
0x000000000b45d000 	/usr/lib/libxml2.2.dylib
0x000000000b45d000 	/System/Library/PrivateFrameworks/CoreUI.framework/Versions/A/CoreUI
0x000000000b45d000 	/System/Library/Frameworks/CoreAudio.framework/Versions/A/CoreAudio
0x000000000b45d000 	/System/Library/Frameworks/DiskArbitration.framework/Versions/A/DiskArbitration
0x000000000b45d000 	/usr/lib/liblangid.dylib
0x000000000b45d000 	/System/Library/PrivateFrameworks/MultitouchSupport.framework/Versions/A/MultitouchSupport
0x000000000b45d000 	/System/Library/Frameworks/IOKit.framework/Versions/A/IOKit
0x000000000b45d000 	/usr/lib/libDiagnosticMessagesClient.dylib
0x000000000b45d000 	/System/Library/Frameworks/CoreServices.framework/Versions/A/CoreServices
0x000000000b45d000 	/System/Library/PrivateFrameworks/PerformanceAnalysis.framework/Versions/A/PerformanceAnalysis
0x000000000b45d000 	/System/Library/PrivateFrameworks/GenerationalStorage.framework/Versions/A/GenerationalStorage
0x000000000b45d000 	/System/Library/Frameworks/OpenGL.framework/Versions/A/OpenGL
0x000000000b45d000 	/System/Library/PrivateFrameworks/Sharing.framework/Versions/A/Sharing
0x000000000b45d000 	/System/Library/Frameworks/CoreGraphics.framework/Versions/A/CoreGraphics
0x000000000b45d000 	/System/Library/Frameworks/CoreText.framework/Versions/A/CoreText
0x000000000b45d000 	/System/Library/Frameworks/ImageIO.framework/Versions/A/ImageIO
0x000000000b45d000 	/usr/lib/libextension.dylib
0x000000000b45d000 	/System/Library/PrivateFrameworks/Backup.framework/Versions/A/Backup
0x000000000b45d000 	/usr/lib/libarchive.2.dylib
0x000000000b45d000 	/System/Library/Frameworks/CFNetwork.framework/Versions/A/CFNetwork
0x000000000b45d000 	/System/Library/Frameworks/SystemConfiguration.framework/Versions/A/SystemConfiguration
0x000000000b45d000 	/usr/lib/libCRFSuite.dylib
0x000000000b45d000 	/usr/lib/libc++.1.dylib
0x000000000b45d000 	/usr/lib/libc++abi.dylib
0x000000000b45d000 	/usr/lib/system/libcache.dylib
0x000000000b45d000 	/usr/lib/system/libcommonCrypto.dylib
0x000000000b45d000 	/usr/lib/system/libcompiler_rt.dylib
0x000000000b45d000 	/usr/lib/system/libcopyfile.dylib
0x000000000b45d000 	/usr/lib/system/libcorecrypto.dylib
0x000000000b45d000 	/usr/lib/system/libdispatch.dylib
0x000000000b45d000 	/usr/lib/system/libdyld.dylib
0x000000000b45d000 	/usr/lib/system/libkeymgr.dylib
0x000000000b45d000 	/usr/lib/system/liblaunch.dylib
0x000000000b45d000 	/usr/lib/system/libmacho.dylib
0x000000000b45d000 	/usr/lib/system/libquarantine.dylib
0x000000000b45d000 	/usr/lib/system/libremovefile.dylib
0x000000000b45d000 	/usr/lib/system/libsystem_asl.dylib
0x000000000b45d000 	/usr/lib/system/libsystem_blocks.dylib
0x000000000b45d000 	/usr/lib/system/libsystem_c.dylib
0x000000000b45d000 	/usr/lib/system/libsystem_configuration.dylib
0x000000000b45d000 	/usr/lib/system/libsystem_coreservices.dylib
0x000000000b45d000 	/usr/lib/system/libsystem_coretls.dylib
0x000000000b45d000 	/usr/lib/system/libsystem_dnssd.dylib
0x000000000b45d000 	/usr/lib/system/libsystem_info.dylib
0x000000000b45d000 	/usr/lib/system/libsystem_kernel.dylib
0x000000000b45d000 	/usr/lib/system/libsystem_m.dylib
0x000000000b45d000 	/usr/lib/system/libsystem_malloc.dylib
0x000000000b45d000 	/usr/lib/system/libsystem_network.dylib
0x000000000b45d000 	/usr/lib/system/libsystem_networkextension.dylib
0x000000000b45d000 	/usr/lib/system/libsystem_notify.dylib
0x000000000b45d000 	/usr/lib/system/libsystem_platform.dylib
0x000000000b45d000 	/usr/lib/system/libsystem_pthread.dylib
0x000000000b45d000 	/usr/lib/system/libsystem_sandbox.dylib
0x000000000b45d000 	/usr/lib/system/libsystem_secinit.dylib
0x000000000b45d000 	/usr/lib/system/libsystem_stats.dylib
0x000000000b45d000 	/usr/lib/system/libsystem_trace.dylib
0x000000000b45d000 	/usr/lib/system/libunc.dylib
0x000000000b45d000 	/usr/lib/system/libunwind.dylib
0x000000000b45d000 	/usr/lib/system/libxpc.dylib
0x000000000b45d000 	/usr/lib/libbz2.1.0.dylib
0x000000000b45d000 	/usr/lib/liblzma.5.dylib
0x000000000b45d000 	/usr/lib/libbsm.0.dylib
0x000000000b45d000 	/usr/lib/libsqlite3.dylib
0x000000000b45d000 	/usr/lib/system/libkxld.dylib
0x000000000b45d000 	/usr/lib/libxar.1.dylib
0x000000000b45d000 	/usr/lib/libpam.2.dylib
0x000000000b45d000 	/usr/lib/libOpenScriptingUtil.dylib
0x000000000b45d000 	/System/Library/Frameworks/CoreServices.framework/Versions/A/Frameworks/FSEvents.framework/Versions/A/FSEvents
0x000000000b45d000 	/System/Library/Frameworks/CoreServices.framework/Versions/A/Frameworks/CarbonCore.framework/Versions/A/CarbonCore
0x000000000b45d000 	/System/Library/Frameworks/CoreServices.framework/Versions/A/Frameworks/Metadata.framework/Versions/A/Metadata
0x000000000b45d000 	/System/Library/Frameworks/CoreServices.framework/Versions/A/Frameworks/OSServices.framework/Versions/A/OSServices
0x000000000b45d000 	/System/Library/Frameworks/CoreServices.framework/Versions/A/Frameworks/SearchKit.framework/Versions/A/SearchKit
0x000000000b45d000 	/System/Library/Frameworks/CoreServices.framework/Versions/A/Frameworks/AE.framework/Versions/A/AE
0x000000000b45d000 	/System/Library/Frameworks/CoreServices.framework/Versions/A/Frameworks/LaunchServices.framework/Versions/A/LaunchServices
0x000000000b45d000 	/System/Library/Frameworks/CoreServices.framework/Versions/A/Frameworks/DictionaryServices.framework/Versions/A/DictionaryServices
0x000000000b45d000 	/System/Library/Frameworks/NetFS.framework/Versions/A/NetFS
0x000000000b45d000 	/System/Library/PrivateFrameworks/NetAuth.framework/Versions/A/NetAuth
0x000000000b45d000 	/System/Library/PrivateFrameworks/login.framework/Versions/A/Frameworks/loginsupport.framework/Versions/A/loginsupport
0x000000000b45d000 	/System/Library/PrivateFrameworks/TCC.framework/Versions/A/TCC
0x000000000b45d000 	/usr/lib/libmecabra.dylib
0x000000000b45d000 	/System/Library/PrivateFrameworks/LanguageModeling.framework/Versions/A/LanguageModeling
0x000000000b45d000 	/usr/lib/libcmph.dylib
0x000000000b45d000 	/usr/lib/libiconv.2.dylib
0x000000000b45d000 	/System/Library/Frameworks/OpenDirectory.framework/Versions/A/Frameworks/CFOpenDirectory.framework/Versions/A/CFOpenDirectory
0x000000000b45d000 	/System/Library/Frameworks/ServiceManagement.framework/Versions/A/ServiceManagement
0x000000000b45d000 	/usr/lib/libxslt.1.dylib
0x000000000b45d000 	/System/Library/Frameworks/Carbon.framework/Versions/A/Frameworks/Ink.framework/Versions/A/Ink
0x000000000b45d000 	/System/Library/Frameworks/ApplicationServices.framework/Versions/A/Frameworks/ATS.framework/Versions/A/ATS
0x000000000b45d000 	/System/Library/Frameworks/ApplicationServices.framework/Versions/A/Frameworks/ColorSync.framework/Versions/A/ColorSync
0x000000000b45d000 	/System/Library/Frameworks/ApplicationServices.framework/Versions/A/Frameworks/HIServices.framework/Versions/A/HIServices
0x000000000b45d000 	/System/Library/Frameworks/ApplicationServices.framework/Versions/A/Frameworks/LangAnalysis.framework/Versions/A/LangAnalysis
0x000000000b45d000 	/System/Library/Frameworks/ApplicationServices.framework/Versions/A/Frameworks/PrintCore.framework/Versions/A/PrintCore
0x000000000b45d000 	/System/Library/Frameworks/ApplicationServices.framework/Versions/A/Frameworks/QD.framework/Versions/A/QD
0x000000000b45d000 	/System/Library/Frameworks/ApplicationServices.framework/Versions/A/Frameworks/SpeechSynthesis.framework/Versions/A/SpeechSynthesis
0x000000000b45d000 	/System/Library/Frameworks/Accelerate.framework/Versions/A/Accelerate
0x000000000b45d000 	/System/Library/Frameworks/Accelerate.framework/Versions/A/Frameworks/vImage.framework/Versions/A/vImage
0x000000000b45d000 	/System/Library/Frameworks/Accelerate.framework/Versions/A/Frameworks/vecLib.framework/Versions/A/vecLib
0x000000000b45d000 	/System/Library/Frameworks/Accelerate.framework/Versions/A/Frameworks/vecLib.framework/Versions/A/libvDSP.dylib
0x000000000b45d000 	/System/Library/Frameworks/Accelerate.framework/Versions/A/Frameworks/vecLib.framework/Versions/A/libvMisc.dylib
0x000000000b45d000 	/System/Library/Frameworks/Accelerate.framework/Versions/A/Frameworks/vecLib.framework/Versions/A/libLAPACK.dylib
0x000000000b45d000 	/System/Library/Frameworks/Accelerate.framework/Versions/A/Frameworks/vecLib.framework/Versions/A/libBLAS.dylib
0x000000000b45d000 	/System/Library/Frameworks/Accelerate.framework/Versions/A/Frameworks/vecLib.framework/Versions/A/libLinearAlgebra.dylib
0x000000000b45d000 	/System/Library/Frameworks/ApplicationServices.framework/Versions/A/Frameworks/ATS.framework/Versions/A/Resources/libFontParser.dylib
0x000000000b45d000 	/System/Library/Frameworks/ApplicationServices.framework/Versions/A/Frameworks/ATS.framework/Versions/A/Resources/libFontRegistry.dylib
0x000000000b45d000 	/System/Library/PrivateFrameworks/AppleVPA.framework/Versions/A/AppleVPA
0x000000000b45d000 	/System/Library/PrivateFrameworks/AppleJPEG.framework/Versions/A/AppleJPEG
0x000000000b45d000 	/System/Library/Frameworks/ImageIO.framework/Versions/A/Resources/libJPEG.dylib
0x000000000b45d000 	/System/Library/Frameworks/ImageIO.framework/Versions/A/Resources/libTIFF.dylib
0x000000000b45d000 	/System/Library/Frameworks/ImageIO.framework/Versions/A/Resources/libPng.dylib
0x000000000b45d000 	/System/Library/Frameworks/ImageIO.framework/Versions/A/Resources/libGIF.dylib
0x000000000b45d000 	/System/Library/Frameworks/ImageIO.framework/Versions/A/Resources/libJP2.dylib
0x000000000b45d000 	/System/Library/Frameworks/ImageIO.framework/Versions/A/Resources/libRadiance.dylib
0x000000000b45d000 	/System/Library/Frameworks/CoreVideo.framework/Versions/A/CoreVideo
0x000000000b45d000 	/System/Library/Frameworks/OpenGL.framework/Versions/A/Libraries/libGLU.dylib
0x000000000b45d000 	/System/Library/Frameworks/OpenGL.framework/Versions/A/Libraries/libGFXShared.dylib
0x000000000b45d000 	/System/Library/Frameworks/OpenGL.framework/Versions/A/Libraries/libGL.dylib
0x000000000b45d000 	/System/Library/Frameworks/OpenGL.framework/Versions/A/Libraries/libGLImage.dylib
0x000000000b45d000 	/System/Library/Frameworks/OpenGL.framework/Versions/A/Libraries/libCVMSPluginSupport.dylib
0x000000000b45d000 	/System/Library/Frameworks/OpenGL.framework/Versions/A/Libraries/libCoreVMClient.dylib
0x000000000b45d000 	/usr/lib/libcups.2.dylib
0x000000000b45d000 	/System/Library/Frameworks/Kerberos.framework/Versions/A/Kerberos
0x000000000b45d000 	/System/Library/Frameworks/GSS.framework/Versions/A/GSS
0x000000000b45d000 	/usr/lib/libresolv.9.dylib
0x000000000b45d000 	/System/Library/PrivateFrameworks/Heimdal.framework/Versions/A/Heimdal
0x000000000b45d000 	/usr/lib/libheimdal-asn1.dylib
0x000000000b45d000 	/System/Library/Frameworks/OpenDirectory.framework/Versions/A/OpenDirectory
0x000000000b45d000 	/System/Library/PrivateFrameworks/CommonAuth.framework/Versions/A/CommonAuth
0x000000000b45d000 	/System/Library/Frameworks/SecurityFoundation.framework/Versions/A/SecurityFoundation
0x000000000b45d000 	/System/Library/Frameworks/QuartzCore.framework/Versions/A/Frameworks/CoreImage.framework/Versions/A/CoreImage
0x000000000b45d000 	/System/Library/PrivateFrameworks/CrashReporterSupport.framework/Versions/A/CrashReporterSupport
0x000000000b45d000 	/System/Library/Frameworks/OpenCL.framework/Versions/A/OpenCL
0x000000000b45d000 	/System/Library/PrivateFrameworks/FaceCore.framework/Versions/A/FaceCore
0x000000000b45d000 	/System/Library/PrivateFrameworks/Ubiquity.framework/Versions/A/Ubiquity
0x000000000b45d000 	/System/Library/PrivateFrameworks/IconServices.framework/Versions/A/IconServices
0x000000000b45d000 	/System/Library/PrivateFrameworks/ChunkingLibrary.framework/Versions/A/ChunkingLibrary
0x000000000b45d000 	/System/Library/PrivateFrameworks/Apple80211.framework/Versions/A/Apple80211
0x000000000b45d000 	/System/Library/Frameworks/CoreWLAN.framework/Versions/A/CoreWLAN
0x000000000b45d000 	/System/Library/Frameworks/IOBluetooth.framework/Versions/A/IOBluetooth
0x000000000b45d000 	/System/Library/PrivateFrameworks/CoreWiFi.framework/Versions/A/CoreWiFi
0x000000000b45d000 	/System/Library/Frameworks/CoreBluetooth.framework/Versions/A/CoreBluetooth
0x000000000b45d000 	/System/Library/PrivateFrameworks/DebugSymbols.framework/Versions/A/DebugSymbols
0x000000000b45d000 	/System/Library/PrivateFrameworks/CoreSymbolication.framework/Versions/A/CoreSymbolication
0x000000000b45d000 	/System/Library/PrivateFrameworks/Symbolication.framework/Versions/A/Symbolication
0x000000000b45d000 	/System/Library/PrivateFrameworks/SpeechRecognitionCore.framework/Versions/A/SpeechRecognitionCore
0x000000010d600000 	/Library/Java/JavaVirtualMachines/jdk1.7.0_60.jdk/Contents/Home/jre/lib/server/libjvm.dylib
0x000000000b45d000 	/usr/lib/libstdc++.6.dylib
0x000000010cda0000 	/Library/Java/JavaVirtualMachines/jdk1.7.0_60.jdk/Contents/Home/jre/lib/libverify.dylib
0x000000010cdad000 	/Library/Java/JavaVirtualMachines/jdk1.7.0_60.jdk/Contents/Home/jre/lib/libjava.dylib
0x000000010e05f000 	/Library/Java/JavaVirtualMachines/jdk1.7.0_60.jdk/Contents/Home/jre/lib/libjdwp.dylib
0x000000010cdde000 	/Library/Java/JavaVirtualMachines/jdk1.7.0_60.jdk/Contents/Home/jre/lib/libnpt.dylib
0x000000010cdeb000 	/Library/Java/JavaVirtualMachines/jdk1.7.0_60.jdk/Contents/Home/jre/lib/libzip.dylib
0x00000001153a0000 	/System/Library/Frameworks/JavaVM.framework/Frameworks/JavaRuntimeSupport.framework/JavaRuntimeSupport
0x00000001153b8000 	/System/Library/Frameworks/JavaVM.framework/Versions/A/Frameworks/JavaNativeFoundation.framework/Versions/A/JavaNativeFoundation
0x00000001153cd000 	/System/Library/Frameworks/JavaVM.framework/Versions/A/JavaVM
0x000000000b45d000 	/System/Library/Frameworks/Carbon.framework/Versions/A/Carbon
0x00000001153da000 	/System/Library/PrivateFrameworks/JavaLaunching.framework/Versions/A/JavaLaunching
0x000000000b45d000 	/System/Library/Frameworks/Carbon.framework/Versions/A/Frameworks/CommonPanels.framework/Versions/A/CommonPanels
0x000000000b45d000 	/System/Library/Frameworks/Carbon.framework/Versions/A/Frameworks/Help.framework/Versions/A/Help
0x000000000b45d000 	/System/Library/Frameworks/Carbon.framework/Versions/A/Frameworks/ImageCapture.framework/Versions/A/ImageCapture
0x000000000b45d000 	/System/Library/Frameworks/Carbon.framework/Versions/A/Frameworks/OpenScripting.framework/Versions/A/OpenScripting
0x000000000b45d000 	/System/Library/Frameworks/Carbon.framework/Versions/A/Frameworks/Print.framework/Versions/A/Print
0x000000000b45d000 	/System/Library/Frameworks/Carbon.framework/Versions/A/Frameworks/SecurityHI.framework/Versions/A/SecurityHI
0x000000010cdf9000 	/Library/Java/JavaVirtualMachines/jdk1.7.0_60.jdk/Contents/Home/jre/lib/libdt_socket.dylib

VM Arguments:
jvm_args: -agentlib:jdwp=transport=dt_socket,suspend=y,address=localhost:52221 -Dfile.encoding=UTF-8 
java_command: Solution
Launcher Type: SUN_STANDARD

Environment Variables:
PATH=/usr/bin:/bin:/usr/sbin:/sbin
SHELL=/bin/bash
DISPLAY=/private/tmp/com.apple.launchd.zzJbsZ0tOI/org.macosforge.xquartz:0

Signal Handlers:
SIGSEGV: [libjvm.dylib+0x52b7b1], sa_mask[0]=0xfffefeff, sa_flags=0x00000043
SIGBUS: [libjvm.dylib+0x52b7b1], sa_mask[0]=0xfffefeff, sa_flags=0x00000042
SIGFPE: [libjvm.dylib+0x41e28a], sa_mask[0]=0xfffefeff, sa_flags=0x00000042
SIGPIPE: [libjvm.dylib+0x41e28a], sa_mask[0]=0xfffefeff, sa_flags=0x00000042
SIGXFSZ: [libjvm.dylib+0x41e28a], sa_mask[0]=0xfffefeff, sa_flags=0x00000042
SIGILL: [libjvm.dylib+0x41e28a], sa_mask[0]=0xfffefeff, sa_flags=0x00000042
SIGUSR1: SIG_DFL, sa_mask[0]=0x00000000, sa_flags=0x00000000
SIGUSR2: [libjvm.dylib+0x41dd7c], sa_mask[0]=0x00000004, sa_flags=0x00000042
SIGHUP: [libjvm.dylib+0x41c00b], sa_mask[0]=0xfffefeff, sa_flags=0x00000042
SIGINT: [libjvm.dylib+0x41c00b], sa_mask[0]=0xfffefeff, sa_flags=0x00000042
SIGTERM: [libjvm.dylib+0x41c00b], sa_mask[0]=0xfffefeff, sa_flags=0x00000042
SIGQUIT: [libjvm.dylib+0x41c00b], sa_mask[0]=0xfffefeff, sa_flags=0x00000042


---------------  S Y S T E M  ---------------

OS:Bsduname:Darwin 14.0.0 Darwin Kernel Version 14.0.0: Fri Sep 19 00:26:44 PDT 2014; root:xnu-2782.1.97~2/RELEASE_X86_64 x86_64
rlimit: STACK 8192k, CORE 0k, NPROC 709, NOFILE 10240, AS infinity
load average:3.01 2.38 2.16

CPU:total 4 (2 cores per cpu, 2 threads per core) family 6 model 69 stepping 1, cmov, cx8, fxsr, mmx, sse, sse2, sse3, ssse3, sse4.1, sse4.2, popcnt, avx, avx2, aes, erms, ht, tsc, tscinvbit

Memory: 4k page, physical 4194304k(1048576k free)

/proc/meminfo:


vm_info: Java HotSpot(TM) 64-Bit Server VM (24.60-b09) for bsd-amd64 JRE (1.7.0_60-b19), built on May  7 2014 12:52:25 by "java_re" with gcc 4.2.1 (Based on Apple Inc. build 5658) (LLVM build 2336.11.00)

time: Sun Dec  7 10:54:33 2014
elapsed time: 2178 seconds

